<?xml version="1.0" encoding="UTF-8"?>
<!-- Generated by org.testng.reporters.JUnitXMLReporter -->
<testsuite hostname="warisht-Latitude-3540" name="login" tests="11" failures="0" timestamp="6 Feb 2017 11:01:18 GMT" time="113.838" errors="0">
  <testcase name="f10" time="3.144" classname="automationFramework.LoginPage"/>
  <testcase name="f2" time="1.671" classname="automationFramework.LoginPage"/>
  <testcase name="f3" time="1.388" classname="automationFramework.LoginPage"/>
  <testcase name="f4" time="1.557" classname="automationFramework.LoginPage"/>
  <testcase name="f5" time="1.374" classname="automationFramework.LoginPage"/>
  <testcase name="f6" time="1.65" classname="automationFramework.LoginPage"/>
  <testcase name="f7" time="1.568" classname="automationFramework.LoginPage"/>
  <testcase name="f8" time="1.588" classname="automationFramework.LoginPage"/>
  <testcase name="f9" time="2.962" classname="automationFramework.LoginPage"/>
  <testcase name="f91" time="2.704" classname="automationFramework.LoginPage"/>
  <testcase name="f912" time="2.042" classname="automationFramework.LoginPage"/>
</testsuite> <!-- login -->
