<?xml version="1.0" encoding="UTF-8"?>
<testng-results skipped="0" failed="0" total="11" passed="11">
  <reporter-output>
    <line>
      <![CDATA[About to begin executing Suite testing]]>
    </line>
    <line>
      <![CDATA[About to begin executing Test login]]>
    </line>
    <line>
      <![CDATA[About to begin executing following method : LoginPage.beforeMethod]]>
    </line>
    <line>
      <![CDATA[Completed executing following method : LoginPage.beforeMethod]]>
    </line>
    <line>
      <![CDATA[About to begin executing following method : LoginPage.f10]]>
    </line>
    <line>
      <![CDATA[Completed executing following method : LoginPage.f10]]>
    </line>
    <line>
      <![CDATA[Test Method resides in automationFramework.LoginPage]]>
    </line>
    <line>
      <![CDATA[Test Status: Pass]]>
    </line>
    <line>
      <![CDATA[About to begin executing following method : LoginPage.afterMethod]]>
    </line>
    <line>
      <![CDATA[Completed executing following method : LoginPage.afterMethod]]>
    </line>
    <line>
      <![CDATA[About to begin executing following method : LoginPage.beforeMethod]]>
    </line>
    <line>
      <![CDATA[Completed executing following method : LoginPage.beforeMethod]]>
    </line>
    <line>
      <![CDATA[About to begin executing following method : LoginPage.f2]]>
    </line>
    <line>
      <![CDATA[Completed executing following method : LoginPage.f2]]>
    </line>
    <line>
      <![CDATA[Test Method resides in automationFramework.LoginPage]]>
    </line>
    <line>
      <![CDATA[Test Status: Pass]]>
    </line>
    <line>
      <![CDATA[About to begin executing following method : LoginPage.afterMethod]]>
    </line>
    <line>
      <![CDATA[Completed executing following method : LoginPage.afterMethod]]>
    </line>
    <line>
      <![CDATA[About to begin executing following method : LoginPage.beforeMethod]]>
    </line>
    <line>
      <![CDATA[Completed executing following method : LoginPage.beforeMethod]]>
    </line>
    <line>
      <![CDATA[About to begin executing following method : LoginPage.f3]]>
    </line>
    <line>
      <![CDATA[Completed executing following method : LoginPage.f3]]>
    </line>
    <line>
      <![CDATA[Test Method resides in automationFramework.LoginPage]]>
    </line>
    <line>
      <![CDATA[Test Status: Pass]]>
    </line>
    <line>
      <![CDATA[About to begin executing following method : LoginPage.afterMethod]]>
    </line>
    <line>
      <![CDATA[Completed executing following method : LoginPage.afterMethod]]>
    </line>
    <line>
      <![CDATA[About to begin executing following method : LoginPage.beforeMethod]]>
    </line>
    <line>
      <![CDATA[Completed executing following method : LoginPage.beforeMethod]]>
    </line>
    <line>
      <![CDATA[About to begin executing following method : LoginPage.f4]]>
    </line>
    <line>
      <![CDATA[Completed executing following method : LoginPage.f4]]>
    </line>
    <line>
      <![CDATA[Test Method resides in automationFramework.LoginPage]]>
    </line>
    <line>
      <![CDATA[Test Status: Pass]]>
    </line>
    <line>
      <![CDATA[About to begin executing following method : LoginPage.afterMethod]]>
    </line>
    <line>
      <![CDATA[Completed executing following method : LoginPage.afterMethod]]>
    </line>
    <line>
      <![CDATA[About to begin executing following method : LoginPage.beforeMethod]]>
    </line>
    <line>
      <![CDATA[Completed executing following method : LoginPage.beforeMethod]]>
    </line>
    <line>
      <![CDATA[About to begin executing following method : LoginPage.f5]]>
    </line>
    <line>
      <![CDATA[Completed executing following method : LoginPage.f5]]>
    </line>
    <line>
      <![CDATA[Test Method resides in automationFramework.LoginPage]]>
    </line>
    <line>
      <![CDATA[Test Status: Pass]]>
    </line>
    <line>
      <![CDATA[About to begin executing following method : LoginPage.afterMethod]]>
    </line>
    <line>
      <![CDATA[Completed executing following method : LoginPage.afterMethod]]>
    </line>
    <line>
      <![CDATA[About to begin executing following method : LoginPage.beforeMethod]]>
    </line>
    <line>
      <![CDATA[Completed executing following method : LoginPage.beforeMethod]]>
    </line>
    <line>
      <![CDATA[About to begin executing following method : LoginPage.f6]]>
    </line>
    <line>
      <![CDATA[Completed executing following method : LoginPage.f6]]>
    </line>
    <line>
      <![CDATA[Test Method resides in automationFramework.LoginPage]]>
    </line>
    <line>
      <![CDATA[Test Status: Pass]]>
    </line>
    <line>
      <![CDATA[About to begin executing following method : LoginPage.afterMethod]]>
    </line>
    <line>
      <![CDATA[Completed executing following method : LoginPage.afterMethod]]>
    </line>
    <line>
      <![CDATA[About to begin executing following method : LoginPage.beforeMethod]]>
    </line>
    <line>
      <![CDATA[Completed executing following method : LoginPage.beforeMethod]]>
    </line>
    <line>
      <![CDATA[About to begin executing following method : LoginPage.f7]]>
    </line>
    <line>
      <![CDATA[Completed executing following method : LoginPage.f7]]>
    </line>
    <line>
      <![CDATA[Test Method resides in automationFramework.LoginPage]]>
    </line>
    <line>
      <![CDATA[Test Status: Pass]]>
    </line>
    <line>
      <![CDATA[About to begin executing following method : LoginPage.afterMethod]]>
    </line>
    <line>
      <![CDATA[Completed executing following method : LoginPage.afterMethod]]>
    </line>
    <line>
      <![CDATA[About to begin executing following method : LoginPage.beforeMethod]]>
    </line>
    <line>
      <![CDATA[Completed executing following method : LoginPage.beforeMethod]]>
    </line>
    <line>
      <![CDATA[About to begin executing following method : LoginPage.f8]]>
    </line>
    <line>
      <![CDATA[Completed executing following method : LoginPage.f8]]>
    </line>
    <line>
      <![CDATA[Test Method resides in automationFramework.LoginPage]]>
    </line>
    <line>
      <![CDATA[Test Status: Pass]]>
    </line>
    <line>
      <![CDATA[About to begin executing following method : LoginPage.afterMethod]]>
    </line>
    <line>
      <![CDATA[Completed executing following method : LoginPage.afterMethod]]>
    </line>
    <line>
      <![CDATA[About to begin executing following method : LoginPage.beforeMethod]]>
    </line>
    <line>
      <![CDATA[Completed executing following method : LoginPage.beforeMethod]]>
    </line>
    <line>
      <![CDATA[About to begin executing following method : LoginPage.f9]]>
    </line>
    <line>
      <![CDATA[Completed executing following method : LoginPage.f9]]>
    </line>
    <line>
      <![CDATA[Test Method resides in automationFramework.LoginPage]]>
    </line>
    <line>
      <![CDATA[Test Status: Pass]]>
    </line>
    <line>
      <![CDATA[About to begin executing following method : LoginPage.afterMethod]]>
    </line>
    <line>
      <![CDATA[Completed executing following method : LoginPage.afterMethod]]>
    </line>
    <line>
      <![CDATA[About to begin executing following method : LoginPage.beforeMethod]]>
    </line>
    <line>
      <![CDATA[Completed executing following method : LoginPage.beforeMethod]]>
    </line>
    <line>
      <![CDATA[About to begin executing following method : LoginPage.f91]]>
    </line>
    <line>
      <![CDATA[Completed executing following method : LoginPage.f91]]>
    </line>
    <line>
      <![CDATA[Test Method resides in automationFramework.LoginPage]]>
    </line>
    <line>
      <![CDATA[Test Status: Pass]]>
    </line>
    <line>
      <![CDATA[About to begin executing following method : LoginPage.afterMethod]]>
    </line>
    <line>
      <![CDATA[Completed executing following method : LoginPage.afterMethod]]>
    </line>
    <line>
      <![CDATA[About to begin executing following method : LoginPage.beforeMethod]]>
    </line>
    <line>
      <![CDATA[Completed executing following method : LoginPage.beforeMethod]]>
    </line>
    <line>
      <![CDATA[About to begin executing following method : LoginPage.f912]]>
    </line>
    <line>
      <![CDATA[Completed executing following method : LoginPage.f912]]>
    </line>
    <line>
      <![CDATA[Test Method resides in automationFramework.LoginPage]]>
    </line>
    <line>
      <![CDATA[Test Status: Pass]]>
    </line>
    <line>
      <![CDATA[About to begin executing following method : LoginPage.afterMethod]]>
    </line>
    <line>
      <![CDATA[Completed executing following method : LoginPage.afterMethod]]>
    </line>
  </reporter-output>
  <suite name="testing" duration-ms="113838" started-at="2017-02-06T10:59:24Z" finished-at="2017-02-06T11:01:18Z">
    <groups>
    </groups>
    <test name="login" duration-ms="113838" started-at="2017-02-06T10:59:24Z" finished-at="2017-02-06T11:01:18Z">
      <class name="automationFramework.LoginPage">
        <test-method status="PASS" signature="beforeMethod()[pri:0, instance:automationFramework.LoginPage@5400d826]" name="beforeMethod" is-config="true" duration-ms="9617" started-at="2017-02-06T16:29:24Z" finished-at="2017-02-06T16:29:33Z">
          <reporter-output>
            <line>
              <![CDATA[Completed executing following method : LoginPage.beforeMethod]]>
            </line>
          </reporter-output>
        </test-method> <!-- beforeMethod -->
        <test-method status="PASS" signature="f10()[pri:0, instance:automationFramework.LoginPage@5400d826]" name="f10" duration-ms="3144" started-at="2017-02-06T16:29:33Z" finished-at="2017-02-06T16:29:37Z">
          <reporter-output>
            <line>
              <![CDATA[Completed executing following method : LoginPage.f10]]>
            </line>
            <line>
              <![CDATA[Test Method resides in automationFramework.LoginPage]]>
            </line>
            <line>
              <![CDATA[Test Status: Pass]]>
            </line>
            <line>
              <![CDATA[About to begin executing following method : LoginPage.afterMethod]]>
            </line>
          </reporter-output>
        </test-method> <!-- f10 -->
        <test-method status="PASS" signature="afterMethod()[pri:0, instance:automationFramework.LoginPage@5400d826]" name="afterMethod" is-config="true" duration-ms="82" started-at="2017-02-06T16:29:37Z" finished-at="2017-02-06T16:29:37Z">
          <reporter-output>
            <line>
              <![CDATA[Completed executing following method : LoginPage.afterMethod]]>
            </line>
          </reporter-output>
        </test-method> <!-- afterMethod -->
        <test-method status="PASS" signature="beforeMethod()[pri:0, instance:automationFramework.LoginPage@5400d826]" name="beforeMethod" is-config="true" duration-ms="8436" started-at="2017-02-06T16:29:37Z" finished-at="2017-02-06T16:29:45Z">
          <reporter-output>
            <line>
              <![CDATA[Completed executing following method : LoginPage.beforeMethod]]>
            </line>
          </reporter-output>
        </test-method> <!-- beforeMethod -->
        <test-method status="PASS" signature="f2()[pri:0, instance:automationFramework.LoginPage@5400d826]" name="f2" duration-ms="1671" started-at="2017-02-06T16:29:45Z" finished-at="2017-02-06T16:29:47Z">
          <reporter-output>
            <line>
              <![CDATA[Completed executing following method : LoginPage.f2]]>
            </line>
            <line>
              <![CDATA[Test Method resides in automationFramework.LoginPage]]>
            </line>
            <line>
              <![CDATA[Test Status: Pass]]>
            </line>
            <line>
              <![CDATA[About to begin executing following method : LoginPage.afterMethod]]>
            </line>
          </reporter-output>
        </test-method> <!-- f2 -->
        <test-method status="PASS" signature="afterMethod()[pri:0, instance:automationFramework.LoginPage@5400d826]" name="afterMethod" is-config="true" duration-ms="69" started-at="2017-02-06T16:29:47Z" finished-at="2017-02-06T16:29:47Z">
          <reporter-output>
            <line>
              <![CDATA[Completed executing following method : LoginPage.afterMethod]]>
            </line>
          </reporter-output>
        </test-method> <!-- afterMethod -->
        <test-method status="PASS" signature="beforeMethod()[pri:0, instance:automationFramework.LoginPage@5400d826]" name="beforeMethod" is-config="true" duration-ms="7984" started-at="2017-02-06T16:29:47Z" finished-at="2017-02-06T16:29:55Z">
          <reporter-output>
            <line>
              <![CDATA[Completed executing following method : LoginPage.beforeMethod]]>
            </line>
          </reporter-output>
        </test-method> <!-- beforeMethod -->
        <test-method status="PASS" signature="f3()[pri:0, instance:automationFramework.LoginPage@5400d826]" name="f3" duration-ms="1388" started-at="2017-02-06T16:29:55Z" finished-at="2017-02-06T16:29:56Z">
          <reporter-output>
            <line>
              <![CDATA[Completed executing following method : LoginPage.f3]]>
            </line>
            <line>
              <![CDATA[Test Method resides in automationFramework.LoginPage]]>
            </line>
            <line>
              <![CDATA[Test Status: Pass]]>
            </line>
            <line>
              <![CDATA[About to begin executing following method : LoginPage.afterMethod]]>
            </line>
          </reporter-output>
        </test-method> <!-- f3 -->
        <test-method status="PASS" signature="afterMethod()[pri:0, instance:automationFramework.LoginPage@5400d826]" name="afterMethod" is-config="true" duration-ms="68" started-at="2017-02-06T16:29:56Z" finished-at="2017-02-06T16:29:56Z">
          <reporter-output>
            <line>
              <![CDATA[Completed executing following method : LoginPage.afterMethod]]>
            </line>
          </reporter-output>
        </test-method> <!-- afterMethod -->
        <test-method status="PASS" signature="beforeMethod()[pri:0, instance:automationFramework.LoginPage@5400d826]" name="beforeMethod" is-config="true" duration-ms="7852" started-at="2017-02-06T16:29:56Z" finished-at="2017-02-06T16:30:04Z">
          <reporter-output>
            <line>
              <![CDATA[Completed executing following method : LoginPage.beforeMethod]]>
            </line>
          </reporter-output>
        </test-method> <!-- beforeMethod -->
        <test-method status="PASS" signature="f4()[pri:0, instance:automationFramework.LoginPage@5400d826]" name="f4" duration-ms="1557" started-at="2017-02-06T16:30:04Z" finished-at="2017-02-06T16:30:06Z">
          <reporter-output>
            <line>
              <![CDATA[Completed executing following method : LoginPage.f4]]>
            </line>
            <line>
              <![CDATA[Test Method resides in automationFramework.LoginPage]]>
            </line>
            <line>
              <![CDATA[Test Status: Pass]]>
            </line>
            <line>
              <![CDATA[About to begin executing following method : LoginPage.afterMethod]]>
            </line>
          </reporter-output>
        </test-method> <!-- f4 -->
        <test-method status="PASS" signature="afterMethod()[pri:0, instance:automationFramework.LoginPage@5400d826]" name="afterMethod" is-config="true" duration-ms="81" started-at="2017-02-06T16:30:06Z" finished-at="2017-02-06T16:30:06Z">
          <reporter-output>
            <line>
              <![CDATA[Completed executing following method : LoginPage.afterMethod]]>
            </line>
          </reporter-output>
        </test-method> <!-- afterMethod -->
        <test-method status="PASS" signature="beforeMethod()[pri:0, instance:automationFramework.LoginPage@5400d826]" name="beforeMethod" is-config="true" duration-ms="8412" started-at="2017-02-06T16:30:06Z" finished-at="2017-02-06T16:30:14Z">
          <reporter-output>
            <line>
              <![CDATA[Completed executing following method : LoginPage.beforeMethod]]>
            </line>
          </reporter-output>
        </test-method> <!-- beforeMethod -->
        <test-method status="PASS" signature="f5()[pri:0, instance:automationFramework.LoginPage@5400d826]" name="f5" duration-ms="1374" started-at="2017-02-06T16:30:14Z" finished-at="2017-02-06T16:30:16Z">
          <reporter-output>
            <line>
              <![CDATA[Completed executing following method : LoginPage.f5]]>
            </line>
            <line>
              <![CDATA[Test Method resides in automationFramework.LoginPage]]>
            </line>
            <line>
              <![CDATA[Test Status: Pass]]>
            </line>
            <line>
              <![CDATA[About to begin executing following method : LoginPage.afterMethod]]>
            </line>
          </reporter-output>
        </test-method> <!-- f5 -->
        <test-method status="PASS" signature="afterMethod()[pri:0, instance:automationFramework.LoginPage@5400d826]" name="afterMethod" is-config="true" duration-ms="69" started-at="2017-02-06T16:30:16Z" finished-at="2017-02-06T16:30:16Z">
          <reporter-output>
            <line>
              <![CDATA[Completed executing following method : LoginPage.afterMethod]]>
            </line>
          </reporter-output>
        </test-method> <!-- afterMethod -->
        <test-method status="PASS" signature="beforeMethod()[pri:0, instance:automationFramework.LoginPage@5400d826]" name="beforeMethod" is-config="true" duration-ms="8547" started-at="2017-02-06T16:30:16Z" finished-at="2017-02-06T16:30:24Z">
          <reporter-output>
            <line>
              <![CDATA[Completed executing following method : LoginPage.beforeMethod]]>
            </line>
          </reporter-output>
        </test-method> <!-- beforeMethod -->
        <test-method status="PASS" signature="f6()[pri:0, instance:automationFramework.LoginPage@5400d826]" name="f6" duration-ms="1650" started-at="2017-02-06T16:30:24Z" finished-at="2017-02-06T16:30:26Z">
          <reporter-output>
            <line>
              <![CDATA[Completed executing following method : LoginPage.f6]]>
            </line>
            <line>
              <![CDATA[Test Method resides in automationFramework.LoginPage]]>
            </line>
            <line>
              <![CDATA[Test Status: Pass]]>
            </line>
            <line>
              <![CDATA[About to begin executing following method : LoginPage.afterMethod]]>
            </line>
          </reporter-output>
        </test-method> <!-- f6 -->
        <test-method status="PASS" signature="afterMethod()[pri:0, instance:automationFramework.LoginPage@5400d826]" name="afterMethod" is-config="true" duration-ms="70" started-at="2017-02-06T16:30:26Z" finished-at="2017-02-06T16:30:26Z">
          <reporter-output>
            <line>
              <![CDATA[Completed executing following method : LoginPage.afterMethod]]>
            </line>
          </reporter-output>
        </test-method> <!-- afterMethod -->
        <test-method status="PASS" signature="beforeMethod()[pri:0, instance:automationFramework.LoginPage@5400d826]" name="beforeMethod" is-config="true" duration-ms="8240" started-at="2017-02-06T16:30:26Z" finished-at="2017-02-06T16:30:34Z">
          <reporter-output>
            <line>
              <![CDATA[Completed executing following method : LoginPage.beforeMethod]]>
            </line>
          </reporter-output>
        </test-method> <!-- beforeMethod -->
        <test-method status="PASS" signature="f7()[pri:0, instance:automationFramework.LoginPage@5400d826]" name="f7" duration-ms="1568" started-at="2017-02-06T16:30:34Z" finished-at="2017-02-06T16:30:36Z">
          <reporter-output>
            <line>
              <![CDATA[Completed executing following method : LoginPage.f7]]>
            </line>
            <line>
              <![CDATA[Test Method resides in automationFramework.LoginPage]]>
            </line>
            <line>
              <![CDATA[Test Status: Pass]]>
            </line>
            <line>
              <![CDATA[About to begin executing following method : LoginPage.afterMethod]]>
            </line>
          </reporter-output>
        </test-method> <!-- f7 -->
        <test-method status="PASS" signature="afterMethod()[pri:0, instance:automationFramework.LoginPage@5400d826]" name="afterMethod" is-config="true" duration-ms="68" started-at="2017-02-06T16:30:36Z" finished-at="2017-02-06T16:30:36Z">
          <reporter-output>
            <line>
              <![CDATA[Completed executing following method : LoginPage.afterMethod]]>
            </line>
          </reporter-output>
        </test-method> <!-- afterMethod -->
        <test-method status="PASS" signature="beforeMethod()[pri:0, instance:automationFramework.LoginPage@5400d826]" name="beforeMethod" is-config="true" duration-ms="8267" started-at="2017-02-06T16:30:36Z" finished-at="2017-02-06T16:30:44Z">
          <reporter-output>
            <line>
              <![CDATA[Completed executing following method : LoginPage.beforeMethod]]>
            </line>
          </reporter-output>
        </test-method> <!-- beforeMethod -->
        <test-method status="PASS" signature="f8()[pri:0, instance:automationFramework.LoginPage@5400d826]" name="f8" duration-ms="1588" started-at="2017-02-06T16:30:44Z" finished-at="2017-02-06T16:30:46Z">
          <reporter-output>
            <line>
              <![CDATA[Completed executing following method : LoginPage.f8]]>
            </line>
            <line>
              <![CDATA[Test Method resides in automationFramework.LoginPage]]>
            </line>
            <line>
              <![CDATA[Test Status: Pass]]>
            </line>
            <line>
              <![CDATA[About to begin executing following method : LoginPage.afterMethod]]>
            </line>
          </reporter-output>
        </test-method> <!-- f8 -->
        <test-method status="PASS" signature="afterMethod()[pri:0, instance:automationFramework.LoginPage@5400d826]" name="afterMethod" is-config="true" duration-ms="66" started-at="2017-02-06T16:30:46Z" finished-at="2017-02-06T16:30:46Z">
          <reporter-output>
            <line>
              <![CDATA[Completed executing following method : LoginPage.afterMethod]]>
            </line>
          </reporter-output>
        </test-method> <!-- afterMethod -->
        <test-method status="PASS" signature="beforeMethod()[pri:0, instance:automationFramework.LoginPage@5400d826]" name="beforeMethod" is-config="true" duration-ms="7909" started-at="2017-02-06T16:30:46Z" finished-at="2017-02-06T16:30:54Z">
          <reporter-output>
            <line>
              <![CDATA[Completed executing following method : LoginPage.beforeMethod]]>
            </line>
          </reporter-output>
        </test-method> <!-- beforeMethod -->
        <test-method status="PASS" signature="f9()[pri:0, instance:automationFramework.LoginPage@5400d826]" name="f9" duration-ms="2962" started-at="2017-02-06T16:30:54Z" finished-at="2017-02-06T16:30:57Z">
          <reporter-output>
            <line>
              <![CDATA[Completed executing following method : LoginPage.f9]]>
            </line>
            <line>
              <![CDATA[Test Method resides in automationFramework.LoginPage]]>
            </line>
            <line>
              <![CDATA[Test Status: Pass]]>
            </line>
            <line>
              <![CDATA[About to begin executing following method : LoginPage.afterMethod]]>
            </line>
          </reporter-output>
        </test-method> <!-- f9 -->
        <test-method status="PASS" signature="afterMethod()[pri:0, instance:automationFramework.LoginPage@5400d826]" name="afterMethod" is-config="true" duration-ms="104" started-at="2017-02-06T16:30:57Z" finished-at="2017-02-06T16:30:57Z">
          <reporter-output>
            <line>
              <![CDATA[Completed executing following method : LoginPage.afterMethod]]>
            </line>
          </reporter-output>
        </test-method> <!-- afterMethod -->
        <test-method status="PASS" signature="beforeMethod()[pri:0, instance:automationFramework.LoginPage@5400d826]" name="beforeMethod" is-config="true" duration-ms="7851" started-at="2017-02-06T16:30:57Z" finished-at="2017-02-06T16:31:05Z">
          <reporter-output>
            <line>
              <![CDATA[Completed executing following method : LoginPage.beforeMethod]]>
            </line>
          </reporter-output>
        </test-method> <!-- beforeMethod -->
        <test-method status="PASS" signature="f91()[pri:0, instance:automationFramework.LoginPage@5400d826]" name="f91" duration-ms="2704" started-at="2017-02-06T16:31:05Z" finished-at="2017-02-06T16:31:07Z">
          <reporter-output>
            <line>
              <![CDATA[Completed executing following method : LoginPage.f91]]>
            </line>
            <line>
              <![CDATA[Test Method resides in automationFramework.LoginPage]]>
            </line>
            <line>
              <![CDATA[Test Status: Pass]]>
            </line>
            <line>
              <![CDATA[About to begin executing following method : LoginPage.afterMethod]]>
            </line>
          </reporter-output>
        </test-method> <!-- f91 -->
        <test-method status="PASS" signature="afterMethod()[pri:0, instance:automationFramework.LoginPage@5400d826]" name="afterMethod" is-config="true" duration-ms="98" started-at="2017-02-06T16:31:07Z" finished-at="2017-02-06T16:31:07Z">
          <reporter-output>
            <line>
              <![CDATA[Completed executing following method : LoginPage.afterMethod]]>
            </line>
          </reporter-output>
        </test-method> <!-- afterMethod -->
        <test-method status="PASS" signature="beforeMethod()[pri:0, instance:automationFramework.LoginPage@5400d826]" name="beforeMethod" is-config="true" duration-ms="8150" started-at="2017-02-06T16:31:07Z" finished-at="2017-02-06T16:31:16Z">
          <reporter-output>
            <line>
              <![CDATA[Completed executing following method : LoginPage.beforeMethod]]>
            </line>
          </reporter-output>
        </test-method> <!-- beforeMethod -->
        <test-method status="PASS" signature="f912()[pri:0, instance:automationFramework.LoginPage@5400d826]" name="f912" duration-ms="2042" started-at="2017-02-06T16:31:16Z" finished-at="2017-02-06T16:31:18Z">
          <reporter-output>
            <line>
              <![CDATA[Completed executing following method : LoginPage.f912]]>
            </line>
            <line>
              <![CDATA[Test Method resides in automationFramework.LoginPage]]>
            </line>
            <line>
              <![CDATA[Test Status: Pass]]>
            </line>
            <line>
              <![CDATA[About to begin executing following method : LoginPage.afterMethod]]>
            </line>
          </reporter-output>
        </test-method> <!-- f912 -->
        <test-method status="PASS" signature="afterMethod()[pri:0, instance:automationFramework.LoginPage@5400d826]" name="afterMethod" is-config="true" duration-ms="66" started-at="2017-02-06T16:31:18Z" finished-at="2017-02-06T16:31:18Z">
          <reporter-output>
            <line>
              <![CDATA[Completed executing following method : LoginPage.afterMethod]]>
            </line>
          </reporter-output>
        </test-method> <!-- afterMethod -->
      </class> <!-- automationFramework.LoginPage -->
    </test> <!-- login -->
  </suite> <!-- testing -->
</testng-results>
